app/build/intermediates/manifest_merge_blame_file/debug/manifest-merger-blame-debug-report.txt
1<?xml version="1.0" encoding="utf-8"?>
2<manifest xmlns:android="http://schemas.android.com/apk/res/android"
3    package="team.cesea.Interview"
4    android:versionCode="1"
5    android:versionName="1.0" >
6
7    <uses-sdk
8        android:minSdkVersion="16"
8-->src\main\AndroidManifest.xml
9        android:targetSdkVersion="29" />
9-->src\main\AndroidManifest.xml
10
11    <application
11-->src\main\AndroidManifest.xml:5:5-29:19
12        android:allowBackup="true"
12-->src\main\AndroidManifest.xml:6:9-35
13        android:appComponentFactory="androidx.core.app.CoreComponentFactory"
13-->[androidx.core:core:1.0.2] AndroidManifest.xml:22:18-86
14        android:debuggable="true"
15        android:icon="@mipmap/ic_launcher"
15-->src\main\AndroidManifest.xml:7:9-43
16        android:label="@string/app_name"
16-->src\main\AndroidManifest.xml:8:9-41
17        android:roundIcon="@mipmap/ic_launcher_round"
17-->src\main\AndroidManifest.xml:9:9-54
18        android:supportsRtl="true"
18-->src\main\AndroidManifest.xml:10:9-35
19        android:testOnly="true"
20        android:theme="@style/AppTheme" >
20-->src\main\AndroidManifest.xml:11:9-40
21        <activity android:name="team.cesea.Interview.activities.ShowActivity" />
21-->src\main\AndroidManifest.xml:12:9-70
21-->src\main\AndroidManifest.xml:12:19-58
22        <activity android:name="team.cesea.Interview.activities.ListActivity" />
22-->src\main\AndroidManifest.xml:13:9-61
22-->src\main\AndroidManifest.xml:13:19-58
23        <activity
23-->src\main\AndroidManifest.xml:14:9-22:20
24            android:name="team.cesea.Interview.activities.LoginActivity"
24-->src\main\AndroidManifest.xml:15:13-53
25            android:screenOrientation="portrait" >
25-->src\main\AndroidManifest.xml:16:13-49
26            <intent-filter>
26-->src\main\AndroidManifest.xml:17:13-21:29
27                <action android:name="android.intent.action.MAIN" />
27-->src\main\AndroidManifest.xml:18:17-69
27-->src\main\AndroidManifest.xml:18:25-66
28
29                <category android:name="android.intent.category.LAUNCHER" />
29-->src\main\AndroidManifest.xml:20:17-77
29-->src\main\AndroidManifest.xml:20:27-74
30            </intent-filter>
31        </activity>
32        <activity
32-->src\main\AndroidManifest.xml:23:9-25:52
33            android:name="team.cesea.Interview.activities.RegisterActivity"
33-->src\main\AndroidManifest.xml:24:13-56
34            android:screenOrientation="portrait" />
34-->src\main\AndroidManifest.xml:25:13-49
35        <activity
35-->src\main\AndroidManifest.xml:26:9-28:52
36            android:name="team.cesea.Interview.activities.UsersListActivity"
36-->src\main\AndroidManifest.xml:27:13-57
37            android:screenOrientation="portrait" />
37-->src\main\AndroidManifest.xml:28:13-49
38    </application>
39
40</manifest>